Using pre-set license

 COMMAND LINE ARGUMENTS:
/Applications/Unity/Hub/Editor/2020.3.2f1/Unity.app/Contents/MacOS/Unity
-adb2
-batchMode
-noUpm
-name
AssetImportWorker0
-projectPath
/Users/taeeun/Documents/GitHub/UnityAR/MyFirstARApp
-logFile
Logs/AssetImportWorker0.log
-srvPort
56546
Successfully changed project path to: /Users/taeeun/Documents/GitHub/UnityAR/MyFirstARApp
/Users/taeeun/Documents/GitHub/UnityAR/MyFirstARApp
Using Asset Import Pipeline V2.
Refreshing native plugins compatible for Editor in 28.69 ms, found 1 plugins.
Preloading 0 native plugins for Editor in 0.00 ms.
Initialize engine version: 2020.3.2f1 (8fd9074bf66c)
[Subsystems] Discovering subsystems at path /Applications/Unity/Hub/Editor/2020.3.2f1/Unity.app/Contents/Resources/UnitySubsystems
[Subsystems] Discovering subsystems at path /Users/taeeun/Documents/GitHub/UnityAR/MyFirstARApp/Assets
GfxDevice: creating device client; threaded=0
2021-04-03 00:18:55.714 Unity[90437:6761329] (null) preferred device: Apple M1 (high power)
2021-04-03 00:18:55.714 Unity[90437:6761329] Metal devices available: 1
2021-04-03 00:18:55.714 Unity[90437:6761329] 0: Apple M1 (high power)
2021-04-03 00:18:55.715 Unity[90437:6761329] Using device Apple M1 (high power)
Initializing Metal device caps: Apple M1
Initialize mono
Mono path[0] = '/Applications/Unity/Hub/Editor/2020.3.2f1/Unity.app/Contents/Managed'
Mono path[1] = '/Applications/Unity/Hub/Editor/2020.3.2f1/Unity.app/Contents/MonoBleedingEdge/lib/mono/unityjit'
Mono config path = '/Applications/Unity/Hub/Editor/2020.3.2f1/Unity.app/Contents/MonoBleedingEdge/etc'
Using monoOptions --debugger-agent=transport=dt_socket,embedding=1,server=y,suspend=n,address=127.0.0.1:56437
Begin MonoManager ReloadAssembly
Registering precompiled unity dll's ...
Register platform support module: /Applications/Unity/Hub/Editor/2020.3.2f1/Unity.app/Contents/PlaybackEngines/MacStandaloneSupport/UnityEditor.OSXStandalone.Extensions.dll
Registered in 0.000989 seconds.
Native extension for OSXStandalone target not found
Refreshing native plugins compatible for Editor in 25.41 ms, found 1 plugins.
Preloading 0 native plugins for Editor in 0.00 ms.
Invoked RoslynAnalysisRunner static constructor.
RoslynAnalysisRunner will not be running.
RoslynAnalysisRunner has terminated.
Mono: successfully reloaded assembly
- Completed reload, in  2.250 seconds
Platform modules already initialized, skipping
Registering precompiled user dll's ...
Registered in 0.000239 seconds.
Begin MonoManager ReloadAssembly
Native extension for OSXStandalone target not found
Refreshing native plugins compatible for Editor in 25.28 ms, found 1 plugins.
Preloading 0 native plugins for Editor in 0.00 ms.
Invoked RoslynAnalysisRunner static constructor.
RoslynAnalysisRunner will not be running.
RoslynAnalysisRunner has terminated.
Mono: successfully reloaded assembly
- Completed reload, in  1.866 seconds
Platform modules already initialized, skipping
========================================================================
Worker process is ready to serve import requests
Launching external process: /Applications/Unity/Hub/Editor/2020.3.2f1/Unity.app/Contents/Tools/UnityShaderCompiler
Launched and connected shader compiler UnityShaderCompiler after 0.03 seconds
Refreshing native plugins compatible for Editor in 0.23 ms, found 1 plugins.
Preloading 0 native plugins for Editor in 0.00 ms.
Unloading 1465 Unused Serialized files (Serialized files now loaded: 0)
System memory in use before: 122.4 MB.
System memory in use after: 122.5 MB.

Unloading 12 unused Assets to reduce memory usage. Loaded Objects now: 1906.
Total: 1.472292 ms (FindLiveObjects: 0.155833 ms CreateObjectMapping: 0.029792 ms MarkObjects: 1.209625 ms  DeleteObjects: 0.075916 ms)

========================================================================
Received Import Request.
  path: Assets/Image.cs
  artifactKey: Guid(17b5eddf805fb4bb09e1b90e7a9be6cd) Importer(815301076,1909f56bfc062723c751e8b465ee728b)
Start importing Assets/Image.cs using Guid(17b5eddf805fb4bb09e1b90e7a9be6cd) Importer(815301076,1909f56bfc062723c751e8b465ee728b)  -> (artifact id: 'b12abd69302086bd1c122e764dfd95e2') in 0.231694 seconds
  Import took 0.234530 seconds .

========================================================================
Received Import Request.
  Time since last request: 18.799321 seconds.
  path: Assets/ImageRecognitionExample.cs
  artifactKey: Guid(17b5eddf805fb4bb09e1b90e7a9be6cd) Importer(815301076,1909f56bfc062723c751e8b465ee728b)
Start importing Assets/ImageRecognitionExample.cs using Guid(17b5eddf805fb4bb09e1b90e7a9be6cd) Importer(815301076,1909f56bfc062723c751e8b465ee728b)  -> (artifact id: 'b77d40a8d97d26b079f9d95ca997a834') in 0.010320 seconds
  Import took 0.013110 seconds .

========================================================================
Received Prepare
Registering precompiled user dll's ...
Registered in 0.000368 seconds.
Begin MonoManager ReloadAssembly
Native extension for OSXStandalone target not found
Refreshing native plugins compatible for Editor in 0.30 ms, found 1 plugins.
Preloading 0 native plugins for Editor in 0.00 ms.
Invoked RoslynAnalysisRunner static constructor.
RoslynAnalysisRunner will not be running.
RoslynAnalysisRunner has terminated.
Mono: successfully reloaded assembly
- Completed reload, in  1.799 seconds
Platform modules already initialized, skipping
Switching build target platform(2) subTarget(0) extendedPlatform(0) -> platform(9) subTarget(16777218) extendedPlatform(0)
Refreshing native plugins compatible for Editor in 0.22 ms, found 1 plugins.
Preloading 0 native plugins for Editor in 0.00 ms.
Unloading 1460 Unused Serialized files (Serialized files now loaded: 0)
System memory in use before: 126.2 MB.
System memory in use after: 126.3 MB.

Unloading 7 unused Assets to reduce memory usage. Loaded Objects now: 1910.
Total: 1.760667 ms (FindLiveObjects: 0.185917 ms CreateObjectMapping: 0.039750 ms MarkObjects: 1.485250 ms  DeleteObjects: 0.048916 ms)

AssetImportParameters requested are different than current active one (requested -> active):
  custom:graphics/normal-map-encoding: 01000000000000000000000000000000 -> 02000000000000000000000000000000
========================================================================
Received Import Request.
  Time since last request: 358.549723 seconds.
  path: Assets/ImageRecognitionExample.cs
  artifactKey: Guid(17b5eddf805fb4bb09e1b90e7a9be6cd) Importer(815301076,1909f56bfc062723c751e8b465ee728b)
Start importing Assets/ImageRecognitionExample.cs using Guid(17b5eddf805fb4bb09e1b90e7a9be6cd) Importer(815301076,1909f56bfc062723c751e8b465ee728b)  -> (artifact id: '06b1458e0289e55258029de9a18fea73') in 0.060461 seconds
  Import took 0.108081 seconds .

========================================================================
Received Import Request.
  Time since last request: 268.003854 seconds.
  path: Assets/Cube.prefab
  artifactKey: Guid(3d1d3d7e56cc349ffae66b6100cb4aaa) Importer(815301076,1909f56bfc062723c751e8b465ee728b)
Start importing Assets/Cube.prefab using Guid(3d1d3d7e56cc349ffae66b6100cb4aaa) Importer(815301076,1909f56bfc062723c751e8b465ee728b)  -> (artifact id: 'da475c5bb62e7ee1984525062479b47b') in 1.495716 seconds
  Import took 1.513875 seconds .

========================================================================
Received Import Request.
  Time since last request: 6.547326 seconds.
  path: Assets/ImageRecognitionExample.cs
  artifactKey: Guid(17b5eddf805fb4bb09e1b90e7a9be6cd) Importer(815301076,1909f56bfc062723c751e8b465ee728b)
Start importing Assets/ImageRecognitionExample.cs using Guid(17b5eddf805fb4bb09e1b90e7a9be6cd) Importer(815301076,1909f56bfc062723c751e8b465ee728b)  -> (artifact id: 'ecf2a06afb896d5d3b78979d2508b3a5') in 0.002934 seconds
  Import took 0.007147 seconds .

