Using pre-set license

 COMMAND LINE ARGUMENTS:
/Applications/Unity/Hub/Editor/2020.3.2f1/Unity.app/Contents/MacOS/Unity
-adb2
-batchMode
-noUpm
-name
AssetImportWorker0
-projectPath
/Users/taeeun/Documents/GitHub/UnityAR/UnityARPractice
-logFile
Logs/AssetImportWorker0.log
-srvPort
58482
Successfully changed project path to: /Users/taeeun/Documents/GitHub/UnityAR/UnityARPractice
/Users/taeeun/Documents/GitHub/UnityAR/UnityARPractice
Using Asset Import Pipeline V2.
Refreshing native plugins compatible for Editor in 24.17 ms, found 1 plugins.
Preloading 0 native plugins for Editor in 0.00 ms.
Initialize engine version: 2020.3.2f1 (8fd9074bf66c)
[Subsystems] Discovering subsystems at path /Applications/Unity/Hub/Editor/2020.3.2f1/Unity.app/Contents/Resources/UnitySubsystems
[Subsystems] Discovering subsystems at path /Users/taeeun/Documents/GitHub/UnityAR/UnityARPractice/Assets
GfxDevice: creating device client; threaded=0
2021-04-03 11:01:31.375 Unity[92551:6889496] (null) preferred device: Apple M1 (high power)
2021-04-03 11:01:31.375 Unity[92551:6889496] Metal devices available: 1
2021-04-03 11:01:31.375 Unity[92551:6889496] 0: Apple M1 (high power)
2021-04-03 11:01:31.375 Unity[92551:6889496] Using device Apple M1 (high power)
Initializing Metal device caps: Apple M1
Initialize mono
Mono path[0] = '/Applications/Unity/Hub/Editor/2020.3.2f1/Unity.app/Contents/Managed'
Mono path[1] = '/Applications/Unity/Hub/Editor/2020.3.2f1/Unity.app/Contents/MonoBleedingEdge/lib/mono/unityjit'
Mono config path = '/Applications/Unity/Hub/Editor/2020.3.2f1/Unity.app/Contents/MonoBleedingEdge/etc'
Using monoOptions --debugger-agent=transport=dt_socket,embedding=1,server=y,suspend=n,address=127.0.0.1:56551
Begin MonoManager ReloadAssembly
Registering precompiled unity dll's ...
Register platform support module: /Applications/Unity/Hub/Editor/2020.3.2f1/Unity.app/Contents/PlaybackEngines/MacStandaloneSupport/UnityEditor.OSXStandalone.Extensions.dll
Registered in 0.001498 seconds.
Native extension for OSXStandalone target not found
Refreshing native plugins compatible for Editor in 27.16 ms, found 1 plugins.
Preloading 0 native plugins for Editor in 0.00 ms.
Invoked RoslynAnalysisRunner static constructor.
RoslynAnalysisRunner will not be running.
RoslynAnalysisRunner has terminated.
Mono: successfully reloaded assembly
- Completed reload, in  2.549 seconds
Platform modules already initialized, skipping
Registering precompiled user dll's ...
Registered in 0.001030 seconds.
Begin MonoManager ReloadAssembly
Native extension for OSXStandalone target not found
Refreshing native plugins compatible for Editor in 24.99 ms, found 1 plugins.
Preloading 0 native plugins for Editor in 0.00 ms.
Invoked RoslynAnalysisRunner static constructor.
RoslynAnalysisRunner will not be running.
RoslynAnalysisRunner has terminated.
Mono: successfully reloaded assembly
- Completed reload, in  1.852 seconds
Platform modules already initialized, skipping
========================================================================
Worker process is ready to serve import requests
Launching external process: /Applications/Unity/Hub/Editor/2020.3.2f1/Unity.app/Contents/Tools/UnityShaderCompiler
Launched and connected shader compiler UnityShaderCompiler after 0.03 seconds
Refreshing native plugins compatible for Editor in 0.22 ms, found 1 plugins.
Preloading 0 native plugins for Editor in 0.00 ms.
Unloading 1464 Unused Serialized files (Serialized files now loaded: 0)
System memory in use before: 122.2 MB.
System memory in use after: 122.2 MB.

Unloading 12 unused Assets to reduce memory usage. Loaded Objects now: 1906.
Total: 2.214250 ms (FindLiveObjects: 0.176750 ms CreateObjectMapping: 0.032000 ms MarkObjects: 1.917042 ms  DeleteObjects: 0.087583 ms)

========================================================================
Received Import Request.
  path: Assets/AR Default Plane.prefab
  artifactKey: Guid(9a1bf2760be99490786a0a84dc50e9d3) Importer(815301076,1909f56bfc062723c751e8b465ee728b)
Start importing Assets/AR Default Plane.prefab using Guid(9a1bf2760be99490786a0a84dc50e9d3) Importer(815301076,1909f56bfc062723c751e8b465ee728b)  -> (artifact id: '16da2d5f384a35dff06356ca50a500f3') in 0.611682 seconds
  Import took 0.614320 seconds .

========================================================================
Received Prepare
Refreshing native plugins compatible for Editor in 1.39 ms, found 1 plugins.
Preloading 0 native plugins for Editor in 0.00 ms.
Unloading 4 Unused Serialized files (Serialized files now loaded: 0)
System memory in use before: 97.6 MB.
System memory in use after: 97.7 MB.

Unloading 4 unused Assets to reduce memory usage. Loaded Objects now: 1906.
Total: 1.905209 ms (FindLiveObjects: 0.139208 ms CreateObjectMapping: 0.030250 ms MarkObjects: 1.676125 ms  DeleteObjects: 0.058750 ms)

